<?xml version="1.0" encoding="UTF-8"?>
<testng-results skipped="0" failed="0" ignored="0" total="1" passed="1">
  <reporter-output>
  </reporter-output>
  <suite name="Default suite" duration-ms="7905" started-at="2021-07-09T15:08:50 BRT" finished-at="2021-07-09T15:08:58 BRT">
    <groups>
    </groups>
    <test name="Default test" duration-ms="7905" started-at="2021-07-09T15:08:50 BRT" finished-at="2021-07-09T15:08:58 BRT">
      <class name="Tests.UsuarioTests">
        <test-method status="PASS" signature="goToHome()[pri:0, instance:Tests.UsuarioTests@51e2adc7]" name="goToHome" is-config="true" duration-ms="3736" started-at="2021-07-09T15:08:50 BRT" finished-at="2021-07-09T15:08:54 BRT">
          <reporter-output>
          </reporter-output>
        </test-method> <!-- goToHome -->
        <test-method status="PASS" signature="tesInserirUsuario()[pri:0, instance:Tests.UsuarioTests@51e2adc7]" name="tesInserirUsuario" duration-ms="4134" started-at="2021-07-09T15:08:54 BRT" finished-at="2021-07-09T15:08:58 BRT">
          <reporter-output>
          </reporter-output>
        </test-method> <!-- tesInserirUsuario -->
      </class> <!-- Tests.UsuarioTests -->
    </test> <!-- Default test -->
  </suite> <!-- Default suite -->
</testng-results>
